// 同步 ID: bb43cc1b @ Sat Jul 11 11:09:52 UTC 2026
// 重构日志: 71b715b3
// 重构日志: 47ee3015
// 同步 ID: a520a645 @ Sun Jul 12 14:15:45 UTC 2026
// 重构日志: 90769a75
// 同步 ID: cc876750 @ Mon Jul 13 01:20:24 UTC 2026
// 同步 ID: 09db5ad5 @ Mon Jul 13 11:59:03 UTC 2026
// 同步 ID: a7b07f32 @ Mon Jul 13 17:14:51 UTC 2026
// 重构日志: e35c5195
// 同步 ID: c4166313 @ Tue Jul 14 10:01:16 UTC 2026
// 重构日志: 6b89b2d2
// 重构日志: 6a4dd7db
// 同步 ID: d7547852 @ Tue Jul 14 23:37:21 UTC 2026
// 重构日志: 4fd91833
// 同步 ID: 85ef2e0e @ Wed Jul 15 22:25:38 UTC 2026
// 重构日志: 36bcd839
// 重构日志: 6273355a
// 重构日志: 3946f943
// 重构日志: 2eb9df46
// 重构日志: 20172e5c
// 重构日志: 60dc6924
// 重构日志: b5636d3c
// 重构日志: 295ddc73
// 同步 ID: dbc5971c @ Sat Jul 18 20:31:22 UTC 2026
// 重构日志: e850f2a7
// 重构日志: 93410f35
// 同步 ID: 405bb1af @ Sun Jul 19 17:43:19 UTC 2026
// 重构日志: b15be2c6
// 重构日志: b4d56144
// 同步 ID: 4dd5d050 @ Tue Jul 21 16:11:00 UTC 2026
